{"uuid":"0b754e99-4d76-4cbd-9403-232598172268","historyId":"de279ae924aa6ce7ef1f42099d1f162d","fullName":"src/test/resources/features/User/AddNewUserData.feature:21","labels":[{"name":"host","value":"Shweta"},{"name":"thread","value":"11680@Shweta.main(1)"},{"name":"feature","value":"Add New User Data"},{"name":"story","value":"check if user is created when invalid data is entered in all of the fields in user module"},{"name":"suite","value":"Add New User Data"},{"name":"testClass","value":"check if user is created when invalid data is entered in all of the fields in user module"},{"name":"framework","value":"cucumber4jvm"},{"name":"language","value":"java"},{"name":"gherkin_uri","value":"file:///C:/Git/Test14_TestingSprinters_LMS_UI/Team14_LMS_UI_TestingSprinters/src/test/resources/features/User/AddNewUserData.feature"},{"name":"package","value":"src.test.resources.features.User.AddNewUserData_feature.Add New User Data"}],"links":[],"name":"check if user is created when invalid data is entered in all of the fields in user module","status":"skipped","statusDetails":{"known":false,"muted":false,"flaky":false,"message":"Undefined Step. Please add step definition","trace":"java.lang.IllegalStateException: Undefined Step. Please add step definition\r\n\tat io.qameta.allure.cucumber7jvm.AllureCucumber7Jvm.handlePickleStep(AllureCucumber7Jvm.java:423)\r\n\tat io.qameta.allure.cucumber7jvm.AllureCucumber7Jvm.handleTestStepFinished(AllureCucumber7Jvm.java:251)\r\n\tat io.cucumber.core.eventbus.AbstractEventPublisher.send(AbstractEventPublisher.java:51)\r\n\tat io.cucumber.core.eventbus.AbstractEventBus.send(AbstractEventBus.java:12)\r\n\tat io.cucumber.core.runtime.SynchronizedEventBus.send(SynchronizedEventBus.java:47)\r\n\tat io.cucumber.core.runtime.ThreadLocalRunnerSupplier$LocalEventBus.send(ThreadLocalRunnerSupplier.java:62)\r\n\tat io.cucumber.core.runner.TestStep.emitTestStepFinished(TestStep.java:116)\r\n\tat io.cucumber.core.runner.TestStep.run(TestStep.java:67)\r\n\tat io.cucumber.core.runner.PickleStepTestStep.run(PickleStepTestStep.java:51)\r\n\tat io.cucumber.core.runner.TestCase.run(TestCase.java:84)\r\n\tat io.cucumber.core.runner.Runner.runPickle(Runner.java:75)\r\n\tat io.cucumber.junit.PickleRunners$NoStepDescriptions.lambda$run$0(PickleRunners.java:151)\r\n\tat io.cucumber.core.runtime.CucumberExecutionContext.lambda$runTestCase$5(CucumberExecutionContext.java:137)\r\n\tat io.cucumber.core.runtime.RethrowingThrowableCollector.executeAndThrow(RethrowingThrowableCollector.java:23)\r\n\tat io.cucumber.core.runtime.CucumberExecutionContext.runTestCase(CucumberExecutionContext.java:137)\r\n\tat io.cucumber.junit.PickleRunners$NoStepDescriptions.run(PickleRunners.java:148)\r\n\tat io.cucumber.junit.FeatureRunner.runChild(FeatureRunner.java:144)\r\n\tat io.cucumber.junit.FeatureRunner.runChild(FeatureRunner.java:28)\r\n\tat org.junit.runners.ParentRunner$4.run(ParentRunner.java:331)\r\n\tat org.junit.runners.ParentRunner$1.schedule(ParentRunner.java:79)\r\n\tat org.junit.runners.ParentRunner.runChildren(ParentRunner.java:329)\r\n\tat org.junit.runners.ParentRunner.access$100(ParentRunner.java:66)\r\n\tat org.junit.runners.ParentRunner$2.evaluate(ParentRunner.java:293)\r\n\tat org.junit.runners.ParentRunner$3.evaluate(ParentRunner.java:306)\r\n\tat org.junit.runners.ParentRunner.run(ParentRunner.java:413)\r\n\tat io.cucumber.junit.FeatureRunner.run(FeatureRunner.java:137)\r\n\tat io.cucumber.junit.Cucumber.runChild(Cucumber.java:196)\r\n\tat io.cucumber.junit.Cucumber.runChild(Cucumber.java:89)\r\n\tat org.junit.runners.ParentRunner$4.run(ParentRunner.java:331)\r\n\tat org.junit.runners.ParentRunner$1.schedule(ParentRunner.java:79)\r\n\tat org.junit.runners.ParentRunner.runChildren(ParentRunner.java:329)\r\n\tat org.junit.runners.ParentRunner.access$100(ParentRunner.java:66)\r\n\tat org.junit.runners.ParentRunner$2.evaluate(ParentRunner.java:293)\r\n\tat io.cucumber.core.runtime.CucumberExecutionContext.lambda$runFeatures$6(CucumberExecutionContext.java:148)\r\n\tat io.cucumber.core.runtime.CucumberExecutionContext.execute(CucumberExecutionContext.java:163)\r\n\tat io.cucumber.core.runtime.CucumberExecutionContext.runFeatures(CucumberExecutionContext.java:146)\r\n\tat io.cucumber.junit.Cucumber$StartAndFinishTestRun.evaluate(Cucumber.java:226)\r\n\tat org.junit.runners.ParentRunner$3.evaluate(ParentRunner.java:306)\r\n\tat org.junit.runners.ParentRunner.run(ParentRunner.java:413)\r\n\tat org.eclipse.jdt.internal.junit4.runner.JUnit4TestReference.run(JUnit4TestReference.java:93)\r\n\tat org.eclipse.jdt.internal.junit.runner.TestExecution.run(TestExecution.java:40)\r\n\tat org.eclipse.jdt.internal.junit.runner.RemoteTestRunner.runTests(RemoteTestRunner.java:529)\r\n\tat org.eclipse.jdt.internal.junit.runner.RemoteTestRunner.runTests(RemoteTestRunner.java:756)\r\n\tat org.eclipse.jdt.internal.junit.runner.RemoteTestRunner.run(RemoteTestRunner.java:452)\r\n\tat org.eclipse.jdt.internal.junit.runner.RemoteTestRunner.main(RemoteTestRunner.java:210)\r\n"},"stage":"finished","steps":[{"name":"Given  The user opens LMS portal link","statusDetails":{"known":false,"muted":false,"flaky":false,"message":"Undefined Step. Please add step definition","trace":"java.lang.IllegalStateException: Undefined Step. Please add step definition\r\n\tat io.qameta.allure.cucumber7jvm.AllureCucumber7Jvm.handlePickleStep(AllureCucumber7Jvm.java:423)\r\n\tat io.qameta.allure.cucumber7jvm.AllureCucumber7Jvm.handleTestStepFinished(AllureCucumber7Jvm.java:251)\r\n\tat io.cucumber.core.eventbus.AbstractEventPublisher.send(AbstractEventPublisher.java:51)\r\n\tat io.cucumber.core.eventbus.AbstractEventBus.send(AbstractEventBus.java:12)\r\n\tat io.cucumber.core.runtime.SynchronizedEventBus.send(SynchronizedEventBus.java:47)\r\n\tat io.cucumber.core.runtime.ThreadLocalRunnerSupplier$LocalEventBus.send(ThreadLocalRunnerSupplier.java:62)\r\n\tat io.cucumber.core.runner.TestStep.emitTestStepFinished(TestStep.java:116)\r\n\tat io.cucumber.core.runner.TestStep.run(TestStep.java:67)\r\n\tat io.cucumber.core.runner.PickleStepTestStep.run(PickleStepTestStep.java:51)\r\n\tat io.cucumber.core.runner.TestCase.run(TestCase.java:84)\r\n\tat io.cucumber.core.runner.Runner.runPickle(Runner.java:75)\r\n\tat io.cucumber.junit.PickleRunners$NoStepDescriptions.lambda$run$0(PickleRunners.java:151)\r\n\tat io.cucumber.core.runtime.CucumberExecutionContext.lambda$runTestCase$5(CucumberExecutionContext.java:137)\r\n\tat io.cucumber.core.runtime.RethrowingThrowableCollector.executeAndThrow(RethrowingThrowableCollector.java:23)\r\n\tat io.cucumber.core.runtime.CucumberExecutionContext.runTestCase(CucumberExecutionContext.java:137)\r\n\tat io.cucumber.junit.PickleRunners$NoStepDescriptions.run(PickleRunners.java:148)\r\n\tat io.cucumber.junit.FeatureRunner.runChild(FeatureRunner.java:144)\r\n\tat io.cucumber.junit.FeatureRunner.runChild(FeatureRunner.java:28)\r\n\tat org.junit.runners.ParentRunner$4.run(ParentRunner.java:331)\r\n\tat org.junit.runners.ParentRunner$1.schedule(ParentRunner.java:79)\r\n\tat org.junit.runners.ParentRunner.runChildren(ParentRunner.java:329)\r\n\tat org.junit.runners.ParentRunner.access$100(ParentRunner.java:66)\r\n\tat org.junit.runners.ParentRunner$2.evaluate(ParentRunner.java:293)\r\n\tat org.junit.runners.ParentRunner$3.evaluate(ParentRunner.java:306)\r\n\tat org.junit.runners.ParentRunner.run(ParentRunner.java:413)\r\n\tat io.cucumber.junit.FeatureRunner.run(FeatureRunner.java:137)\r\n\tat io.cucumber.junit.Cucumber.runChild(Cucumber.java:196)\r\n\tat io.cucumber.junit.Cucumber.runChild(Cucumber.java:89)\r\n\tat org.junit.runners.ParentRunner$4.run(ParentRunner.java:331)\r\n\tat org.junit.runners.ParentRunner$1.schedule(ParentRunner.java:79)\r\n\tat org.junit.runners.ParentRunner.runChildren(ParentRunner.java:329)\r\n\tat org.junit.runners.ParentRunner.access$100(ParentRunner.java:66)\r\n\tat org.junit.runners.ParentRunner$2.evaluate(ParentRunner.java:293)\r\n\tat io.cucumber.core.runtime.CucumberExecutionContext.lambda$runFeatures$6(CucumberExecutionContext.java:148)\r\n\tat io.cucumber.core.runtime.CucumberExecutionContext.execute(CucumberExecutionContext.java:163)\r\n\tat io.cucumber.core.runtime.CucumberExecutionContext.runFeatures(CucumberExecutionContext.java:146)\r\n\tat io.cucumber.junit.Cucumber$StartAndFinishTestRun.evaluate(Cucumber.java:226)\r\n\tat org.junit.runners.ParentRunner$3.evaluate(ParentRunner.java:306)\r\n\tat org.junit.runners.ParentRunner.run(ParentRunner.java:413)\r\n\tat org.eclipse.jdt.internal.junit4.runner.JUnit4TestReference.run(JUnit4TestReference.java:93)\r\n\tat org.eclipse.jdt.internal.junit.runner.TestExecution.run(TestExecution.java:40)\r\n\tat org.eclipse.jdt.internal.junit.runner.RemoteTestRunner.runTests(RemoteTestRunner.java:529)\r\n\tat org.eclipse.jdt.internal.junit.runner.RemoteTestRunner.runTests(RemoteTestRunner.java:756)\r\n\tat org.eclipse.jdt.internal.junit.runner.RemoteTestRunner.run(RemoteTestRunner.java:452)\r\n\tat org.eclipse.jdt.internal.junit.runner.RemoteTestRunner.main(RemoteTestRunner.java:210)\r\n"},"stage":"finished","steps":[],"attachments":[],"parameters":[],"start":1714095020919,"stop":1714095020922},{"name":"When  The user enters userid and password, user clicks \"login\" button","status":"skipped","statusDetails":{"known":false,"muted":false,"flaky":false},"stage":"finished","steps":[],"attachments":[],"parameters":[],"start":1714095020923,"stop":1714095020935},{"name":"Then  The user should be redirected to manage program page","status":"skipped","statusDetails":{"known":false,"muted":false,"flaky":false},"stage":"finished","steps":[],"attachments":[],"parameters":[],"start":1714095020945,"stop":1714095020946},{"name":"And  user clicks on User link in user module","status":"skipped","statusDetails":{"known":false,"muted":false,"flaky":false},"stage":"finished","steps":[],"attachments":[],"parameters":[],"start":1714095020947,"stop":1714095020948},{"name":"Then  User should be redirected to User page in user module","status":"skipped","statusDetails":{"known":false,"muted":false,"flaky":false},"stage":"finished","steps":[],"attachments":[],"parameters":[],"start":1714095020948,"stop":1714095020949},{"name":"And  User clicks on \"+ A New User\" button on user page","status":"skipped","statusDetails":{"known":false,"muted":false,"flaky":false},"stage":"finished","steps":[],"attachments":[],"parameters":[],"start":1714095020949,"stop":1714095020949},{"name":"Given  Admin is on  User details pop up in user module","status":"skipped","statusDetails":{"known":false,"muted":false,"flaky":false},"stage":"finished","steps":[],"attachments":[],"parameters":[],"start":1714095020950,"stop":1714095020950},{"name":"When  Admin enters invalid data in all of the  fields in the form and clicks on submit button in user module","status":"skipped","statusDetails":{"known":false,"muted":false,"flaky":false},"stage":"finished","steps":[],"attachments":[],"parameters":[],"start":1714095020951,"stop":1714095020951},{"name":"Then  Admin gets error message and user is not created in user module","status":"skipped","statusDetails":{"known":false,"muted":false,"flaky":false},"stage":"finished","steps":[],"attachments":[],"parameters":[],"start":1714095020951,"stop":1714095020952}],"attachments":[],"parameters":[],"start":1714095020918,"stop":1714095020953}